2023-08-05 19:08:12,530 [main] INFO open page - open website
2023-08-05 19:08:19,471 [main] INFO open page - enter firstname
2023-08-05 19:08:19,613 [main] INFO open page - enter lastname
2023-08-05 19:08:19,712 [main] INFO open page - enter email
2023-08-05 19:08:19,821 [main] INFO open page - enter mobile
2023-08-05 19:08:19,844 [main] INFO open page - select gender
2023-08-05 19:08:19,868 [main] INFO open page - select skills
2023-08-05 19:08:19,931 [main] INFO open page - scroll down
2023-08-05 19:08:19,964 [main] INFO open page - select year
2023-08-05 19:08:20,006 [main] INFO open page - close website
2023-08-05 19:08:22,045 [main] INFO open page - open website
2023-08-05 19:08:27,305 [main] INFO open page - enter firstname
2023-08-05 19:08:27,454 [main] INFO open page - enter lastname
2023-08-05 19:08:27,562 [main] INFO open page - enter email
2023-08-05 19:08:27,681 [main] INFO open page - enter mobile
2023-08-05 19:08:27,705 [main] INFO open page - select gender
2023-08-05 19:08:27,742 [main] INFO open page - select skills
2023-08-05 19:08:27,796 [main] INFO open page - scroll down
2023-08-05 19:08:27,835 [main] INFO open page - select year
2023-08-05 19:08:28,701 [main] INFO open page - close website
2023-08-05 19:23:22,389 [main] INFO open page - open website
2023-08-05 19:23:28,395 [main] INFO open page - enter firstname
2023-08-05 19:23:28,635 [main] INFO open page - enter lastname
2023-08-05 19:23:28,752 [main] INFO open page - enter email
2023-08-05 19:23:28,874 [main] INFO open page - enter mobile
2023-08-05 19:23:28,905 [main] INFO open page - select gender
2023-08-05 19:23:28,969 [main] INFO open page - select skills
2023-08-05 19:23:29,941 [main] INFO open page - scroll down
2023-08-05 19:23:29,965 [main] INFO open page - select year
2023-08-05 19:23:29,998 [main] INFO open page - close website
2023-08-05 19:23:31,781 [main] INFO open page - open website
2023-08-05 19:23:38,719 [main] INFO open page - enter firstname
2023-08-05 19:23:38,842 [main] INFO open page - enter lastname
2023-08-05 19:23:38,936 [main] INFO open page - enter email
2023-08-05 19:23:39,050 [main] INFO open page - enter mobile
2023-08-05 19:23:39,070 [main] INFO open page - select gender
2023-08-05 19:23:39,095 [main] INFO open page - select skills
2023-08-05 19:23:40,369 [main] INFO open page - scroll down
2023-08-05 19:23:40,401 [main] INFO open page - select year
2023-08-05 19:23:40,805 [main] INFO open page - close website
2023-08-05 19:31:39,305 [main] INFO open page - open website
2023-08-05 19:31:44,410 [main] INFO open page - enter firstname
2023-08-05 19:31:47,748 [main] INFO open page - enter lastname
2023-08-05 19:31:51,089 [main] INFO open page - enter email
2023-08-05 19:31:54,219 [main] INFO open page - enter mobile
2023-08-05 19:31:57,280 [main] INFO open page - select gender
2023-08-05 19:32:00,317 [main] INFO open page - select skills
2023-08-05 19:32:04,134 [main] INFO open page - scroll down
2023-08-05 19:32:07,201 [main] INFO open page - select year
2023-08-05 19:32:07,232 [main] INFO open page - close website
2023-08-05 19:32:08,780 [main] INFO open page - open website
2023-08-05 19:32:12,802 [main] INFO open page - enter firstname
2023-08-05 19:32:16,034 [main] INFO open page - enter lastname
2023-08-05 19:32:16,086 [main] INFO open page - close website
2023-08-05 19:38:35,083 [main] INFO open page - open website
2023-08-05 19:38:41,331 [main] INFO open page - enter firstname
2023-08-05 19:38:44,559 [main] INFO open page - enter lastname
2023-08-05 19:38:47,774 [main] INFO open page - enter email
2023-08-05 19:38:50,903 [main] INFO open page - enter mobile
2023-08-05 19:38:53,944 [main] INFO open page - select gender
2023-08-05 19:38:57,037 [main] INFO open page - select skills
2023-08-05 19:39:00,935 [main] INFO open page - scroll down
2023-08-05 19:39:03,987 [main] INFO open page - select year
2023-08-05 19:39:04,028 [main] INFO open page - close website
2023-08-05 19:39:06,205 [main] INFO open page - open website
2023-08-05 19:39:12,114 [main] INFO open page - enter firstname
2023-08-05 19:39:15,424 [main] INFO open page - enter lastname
2023-08-05 19:39:18,590 [main] INFO open page - enter email
2023-08-05 19:39:18,652 [main] INFO open page - close website
2023-08-05 19:43:43,976 [main] INFO open page - open website
2023-08-05 19:43:49,446 [main] INFO open page - enter firstname
2023-08-05 19:43:52,629 [main] INFO open page - enter lastname
2023-08-05 19:43:55,787 [main] INFO open page - enter email
2023-08-05 19:43:58,971 [main] INFO open page - enter mobile
2023-08-05 19:44:02,012 [main] INFO open page - select gender
2023-08-05 19:44:05,054 [main] INFO open page - select skills
2023-08-05 19:44:08,853 [main] INFO open page - scroll down
2023-08-05 19:44:11,903 [main] INFO open page - select year
2023-08-05 19:44:11,938 [main] INFO open page - close website
2023-08-05 19:44:13,780 [main] INFO open page - open website
2023-08-05 19:44:21,418 [main] INFO open page - enter firstname
2023-08-05 19:44:51,240 [main] INFO open page - open website
2023-08-05 19:44:56,514 [main] INFO open page - enter firstname
2023-08-05 19:44:59,757 [main] INFO open page - enter lastname
2023-08-05 19:45:02,884 [main] INFO open page - enter email
2023-08-05 19:45:06,023 [main] INFO open page - enter mobile
2023-08-05 19:45:09,070 [main] INFO open page - select gender
2023-08-05 19:45:12,101 [main] INFO open page - select skills
2023-08-05 19:45:15,904 [main] INFO open page - scroll down
2023-08-05 19:45:18,940 [main] INFO open page - select year
2023-08-05 19:45:19,003 [main] INFO open page - close website
2023-08-05 19:45:22,197 [main] INFO open page - open website
2023-08-05 19:45:27,953 [main] INFO open page - enter firstname
2023-08-05 19:45:31,094 [main] INFO open page - enter lastname
2023-08-05 19:45:34,197 [main] INFO open page - enter email
2023-08-05 19:45:37,343 [main] INFO open page - enter mobile
2023-08-05 19:45:40,390 [main] INFO open page - select gender
2023-08-05 19:45:43,461 [main] INFO open page - select skills
2023-08-05 19:45:47,236 [main] INFO open page - scroll down
2023-08-05 19:45:50,264 [main] INFO open page - select year
2023-08-05 19:45:50,450 [main] INFO open page - close website
2023-08-05 19:51:05,568 [main] INFO open page - open website
2023-08-05 19:51:10,940 [main] INFO open page - enter firstname
2023-08-05 19:51:14,184 [main] INFO open page - enter lastname
2023-08-05 19:51:17,314 [main] INFO open page - enter email
2023-08-05 19:51:20,471 [main] INFO open page - enter mobile
2023-08-05 19:51:23,510 [main] INFO open page - select gender
2023-08-05 19:51:26,555 [main] INFO open page - select skills
2023-08-05 19:51:32,538 [main] INFO open page - scroll down
2023-08-05 19:51:35,605 [main] INFO open page - select year
2023-08-05 19:51:35,661 [main] INFO open page - close website
2023-08-05 19:51:39,064 [main] INFO open page - open website
2023-08-05 19:51:41,258 [main] INFO open page - enter firstname
2023-08-05 19:51:41,392 [main] INFO open page - close website
2023-08-05 19:53:55,231 [main] INFO open page - open website
2023-08-05 19:54:00,023 [main] INFO open page - enter firstname
2023-08-05 19:54:03,215 [main] INFO open page - enter lastname
2023-08-05 19:54:06,330 [main] INFO open page - enter email
2023-08-05 19:54:09,482 [main] INFO open page - enter mobile
2023-08-05 19:54:12,558 [main] INFO open page - select gender
2023-08-05 19:54:15,629 [main] INFO open page - select skills
2023-08-05 19:54:21,708 [main] INFO open page - scroll down
2023-08-05 19:54:24,753 [main] INFO open page - select year
2023-08-05 19:54:27,878 [main] INFO open page - select month
2023-08-05 19:54:31,317 [main] INFO open page - select day
2023-08-05 19:54:35,343 [main] INFO open page - click on submit
2023-08-05 19:54:35,520 [main] INFO open page - close website
2023-08-05 19:56:24,116 [main] INFO open page - open website
2023-08-05 21:06:22,808 [main] INFO open page - open website
2023-08-05 21:06:28,017 [main] INFO open page - close website
2023-08-05 21:06:30,334 [main] INFO open page - open website
2023-08-05 21:06:34,392 [main] INFO open page - close website
2023-08-05 21:09:31,080 [main] INFO open page - open website
2023-08-05 21:09:55,942 [main] INFO open page - close website
2023-08-05 21:15:12,089 [main] INFO open page - open website
2023-08-05 21:15:40,418 [main] INFO open page - close website
2023-08-06 14:29:33,604 [main] INFO open page - open website
2023-08-06 14:29:39,356 [main] INFO open page - select year
2023-08-06 14:29:41,043 [main] INFO open page - take screenshot
2023-08-06 14:29:41,182 [main] INFO open page - veriy text
2023-08-06 14:29:41,261 [main] INFO open page - close website
2023-08-06 14:29:44,315 [main] INFO open page - open website
2023-08-06 14:29:49,790 [main] INFO open page - select year
2023-08-06 14:29:51,960 [main] INFO open page - take screenshot
2023-08-06 14:29:52,096 [main] INFO open page - veriy text
2023-08-06 14:29:52,387 [main] INFO open page - close website
2023-08-06 14:39:12,168 [main] INFO open page - open website
2023-08-06 14:39:16,523 [main] INFO open page - select year
2023-08-06 14:39:18,032 [main] INFO open page - take screenshot
2023-08-06 14:39:18,209 [main] INFO open page - veriy text
2023-08-06 14:39:18,294 [main] INFO open page - close website
2023-08-06 14:39:19,971 [main] INFO open page - open website
2023-08-06 14:39:23,557 [main] INFO open page - select year
2023-08-06 14:39:25,127 [main] INFO open page - take screenshot
2023-08-06 14:39:25,285 [main] INFO open page - veriy text
2023-08-06 14:39:25,513 [main] INFO open page - close website
2023-08-06 14:40:36,374 [main] INFO open page - open website
2023-08-06 14:40:40,984 [main] INFO open page - select year
2023-08-06 14:40:42,697 [main] INFO open page - take screenshot
2023-08-06 14:40:42,825 [main] INFO open page - veriy text
2023-08-06 14:40:42,879 [main] INFO open page - close website
2023-08-06 14:41:34,200 [main] INFO open page - open website
2023-08-06 14:41:38,419 [main] INFO open page - select year
2023-08-06 14:41:39,915 [main] INFO open page - take screenshot
2023-08-06 14:41:40,473 [main] INFO open page - veriy text
2023-08-06 14:41:40,562 [main] INFO open page - close website
2023-08-06 14:43:39,853 [main] INFO open page - open website
2023-08-06 14:43:44,967 [main] INFO open page - select year
2023-08-06 14:43:46,502 [main] INFO open page - take screenshot
2023-08-06 14:43:46,614 [main] INFO open page - veriy text
2023-08-06 14:43:46,701 [main] INFO open page - close website
2023-08-06 15:07:53,360 [main] INFO open page - open website
2023-08-06 15:07:58,395 [main] INFO open page - select year
2023-08-06 15:07:59,899 [main] INFO open page - take screenshot
2023-08-06 15:08:00,016 [main] INFO open page - veriy text
2023-08-06 15:08:04,599 [main] INFO open page - close website
2023-08-06 15:08:50,095 [main] INFO open page - open website
2023-08-06 15:08:54,328 [main] INFO open page - select year
2023-08-06 15:08:55,783 [main] INFO open page - take screenshot
2023-08-06 15:08:55,899 [main] INFO open page - veriy text
2023-08-06 15:09:00,561 [main] INFO open page - close website
2023-08-06 15:41:22,530 [main] INFO open page - open website
2023-08-06 15:41:27,266 [main] INFO open page - close website
2023-08-06 15:41:29,127 [main] INFO open page - open website
2023-08-06 15:41:35,623 [main] INFO open page - close website
2023-08-06 15:41:36,949 [main] INFO open page - open website
2023-08-06 15:41:41,444 [main] INFO open page - close website
2023-08-06 15:41:42,884 [main] INFO open page - open website
2023-08-06 15:41:47,605 [main] INFO open page - close website
2023-08-06 15:41:49,009 [main] INFO open page - open website
2023-08-06 15:41:53,797 [main] INFO open page - close website
2023-08-06 15:42:50,960 [main] INFO open page - open website
2023-08-06 15:42:56,457 [main] INFO open page - close website
2023-08-06 15:42:57,893 [main] INFO open page - open website
2023-08-06 15:43:04,336 [main] INFO open page - close website
2023-08-06 15:43:05,986 [main] INFO open page - open website
2023-08-06 15:43:11,159 [main] INFO open page - close website
2023-08-06 15:43:12,436 [main] INFO open page - open website
2023-08-06 15:43:18,013 [main] INFO open page - close website
2023-08-06 15:43:19,241 [main] INFO open page - open website
2023-08-06 15:43:23,907 [main] INFO open page - close website
2023-08-06 15:44:26,049 [main] INFO open page - open website
2023-08-06 15:44:32,570 [main] INFO open page - close website
