2023-08-05 19:08:12,530 - open page -INFO - open website
2023-08-05 19:08:19,471 - open page -INFO - enter firstname
2023-08-05 19:08:19,613 - open page -INFO - enter lastname
2023-08-05 19:08:19,712 - open page -INFO - enter email
2023-08-05 19:08:19,821 - open page -INFO - enter mobile
2023-08-05 19:08:19,844 - open page -INFO - select gender
2023-08-05 19:08:19,868 - open page -INFO - select skills
2023-08-05 19:08:19,931 - open page -INFO - scroll down
2023-08-05 19:08:19,964 - open page -INFO - select year
2023-08-05 19:08:20,006 - open page -INFO - close website
2023-08-05 19:08:22,045 - open page -INFO - open website
2023-08-05 19:08:27,305 - open page -INFO - enter firstname
2023-08-05 19:08:27,454 - open page -INFO - enter lastname
2023-08-05 19:08:27,562 - open page -INFO - enter email
2023-08-05 19:08:27,681 - open page -INFO - enter mobile
2023-08-05 19:08:27,705 - open page -INFO - select gender
2023-08-05 19:08:27,742 - open page -INFO - select skills
2023-08-05 19:08:27,796 - open page -INFO - scroll down
2023-08-05 19:08:27,835 - open page -INFO - select year
2023-08-05 19:08:28,701 - open page -INFO - close website
2023-08-05 19:23:22,389 - open page -INFO - open website
2023-08-05 19:23:28,395 - open page -INFO - enter firstname
2023-08-05 19:23:28,635 - open page -INFO - enter lastname
2023-08-05 19:23:28,752 - open page -INFO - enter email
2023-08-05 19:23:28,874 - open page -INFO - enter mobile
2023-08-05 19:23:28,905 - open page -INFO - select gender
2023-08-05 19:23:28,969 - open page -INFO - select skills
2023-08-05 19:23:29,941 - open page -INFO - scroll down
2023-08-05 19:23:29,965 - open page -INFO - select year
2023-08-05 19:23:29,998 - open page -INFO - close website
2023-08-05 19:23:31,781 - open page -INFO - open website
2023-08-05 19:23:38,719 - open page -INFO - enter firstname
2023-08-05 19:23:38,842 - open page -INFO - enter lastname
2023-08-05 19:23:38,936 - open page -INFO - enter email
2023-08-05 19:23:39,050 - open page -INFO - enter mobile
2023-08-05 19:23:39,070 - open page -INFO - select gender
2023-08-05 19:23:39,095 - open page -INFO - select skills
2023-08-05 19:23:40,369 - open page -INFO - scroll down
2023-08-05 19:23:40,401 - open page -INFO - select year
2023-08-05 19:23:40,805 - open page -INFO - close website
2023-08-05 19:31:39,305 - open page -INFO - open website
2023-08-05 19:31:44,410 - open page -INFO - enter firstname
2023-08-05 19:31:47,748 - open page -INFO - enter lastname
2023-08-05 19:31:51,089 - open page -INFO - enter email
2023-08-05 19:31:54,219 - open page -INFO - enter mobile
2023-08-05 19:31:57,280 - open page -INFO - select gender
2023-08-05 19:32:00,317 - open page -INFO - select skills
2023-08-05 19:32:04,134 - open page -INFO - scroll down
2023-08-05 19:32:07,201 - open page -INFO - select year
2023-08-05 19:32:07,232 - open page -INFO - close website
2023-08-05 19:32:08,780 - open page -INFO - open website
2023-08-05 19:32:12,802 - open page -INFO - enter firstname
2023-08-05 19:32:16,034 - open page -INFO - enter lastname
2023-08-05 19:32:16,086 - open page -INFO - close website
2023-08-05 19:38:35,083 - open page -INFO - open website
2023-08-05 19:38:41,331 - open page -INFO - enter firstname
2023-08-05 19:38:44,559 - open page -INFO - enter lastname
2023-08-05 19:38:47,774 - open page -INFO - enter email
2023-08-05 19:38:50,903 - open page -INFO - enter mobile
2023-08-05 19:38:53,944 - open page -INFO - select gender
2023-08-05 19:38:57,037 - open page -INFO - select skills
2023-08-05 19:39:00,935 - open page -INFO - scroll down
2023-08-05 19:39:03,987 - open page -INFO - select year
2023-08-05 19:39:04,028 - open page -INFO - close website
2023-08-05 19:39:06,205 - open page -INFO - open website
2023-08-05 19:39:12,114 - open page -INFO - enter firstname
2023-08-05 19:39:15,424 - open page -INFO - enter lastname
2023-08-05 19:39:18,590 - open page -INFO - enter email
2023-08-05 19:39:18,652 - open page -INFO - close website
2023-08-05 19:43:43,976 - open page -INFO - open website
2023-08-05 19:43:49,446 - open page -INFO - enter firstname
2023-08-05 19:43:52,629 - open page -INFO - enter lastname
2023-08-05 19:43:55,787 - open page -INFO - enter email
2023-08-05 19:43:58,971 - open page -INFO - enter mobile
2023-08-05 19:44:02,012 - open page -INFO - select gender
2023-08-05 19:44:05,054 - open page -INFO - select skills
2023-08-05 19:44:08,853 - open page -INFO - scroll down
2023-08-05 19:44:11,903 - open page -INFO - select year
2023-08-05 19:44:11,938 - open page -INFO - close website
2023-08-05 19:44:13,780 - open page -INFO - open website
2023-08-05 19:44:21,418 - open page -INFO - enter firstname
2023-08-05 19:44:51,240 - open page -INFO - open website
2023-08-05 19:44:56,514 - open page -INFO - enter firstname
2023-08-05 19:44:59,757 - open page -INFO - enter lastname
2023-08-05 19:45:02,884 - open page -INFO - enter email
2023-08-05 19:45:06,023 - open page -INFO - enter mobile
2023-08-05 19:45:09,070 - open page -INFO - select gender
2023-08-05 19:45:12,101 - open page -INFO - select skills
2023-08-05 19:45:15,904 - open page -INFO - scroll down
2023-08-05 19:45:18,940 - open page -INFO - select year
2023-08-05 19:45:19,003 - open page -INFO - close website
2023-08-05 19:45:22,197 - open page -INFO - open website
2023-08-05 19:45:27,953 - open page -INFO - enter firstname
2023-08-05 19:45:31,094 - open page -INFO - enter lastname
2023-08-05 19:45:34,197 - open page -INFO - enter email
2023-08-05 19:45:37,343 - open page -INFO - enter mobile
2023-08-05 19:45:40,390 - open page -INFO - select gender
2023-08-05 19:45:43,461 - open page -INFO - select skills
2023-08-05 19:45:47,236 - open page -INFO - scroll down
2023-08-05 19:45:50,264 - open page -INFO - select year
2023-08-05 19:45:50,450 - open page -INFO - close website
2023-08-05 19:51:05,568 - open page -INFO - open website
2023-08-05 19:51:10,940 - open page -INFO - enter firstname
2023-08-05 19:51:14,184 - open page -INFO - enter lastname
2023-08-05 19:51:17,314 - open page -INFO - enter email
2023-08-05 19:51:20,471 - open page -INFO - enter mobile
2023-08-05 19:51:23,510 - open page -INFO - select gender
2023-08-05 19:51:26,555 - open page -INFO - select skills
2023-08-05 19:51:32,538 - open page -INFO - scroll down
2023-08-05 19:51:35,605 - open page -INFO - select year
2023-08-05 19:51:35,661 - open page -INFO - close website
2023-08-05 19:51:39,064 - open page -INFO - open website
2023-08-05 19:51:41,258 - open page -INFO - enter firstname
2023-08-05 19:51:41,392 - open page -INFO - close website
2023-08-05 19:53:55,231 - open page -INFO - open website
2023-08-05 19:54:00,023 - open page -INFO - enter firstname
2023-08-05 19:54:03,215 - open page -INFO - enter lastname
2023-08-05 19:54:06,330 - open page -INFO - enter email
2023-08-05 19:54:09,482 - open page -INFO - enter mobile
2023-08-05 19:54:12,558 - open page -INFO - select gender
2023-08-05 19:54:15,629 - open page -INFO - select skills
2023-08-05 19:54:21,708 - open page -INFO - scroll down
2023-08-05 19:54:24,753 - open page -INFO - select year
2023-08-05 19:54:27,878 - open page -INFO - select month
2023-08-05 19:54:31,317 - open page -INFO - select day
2023-08-05 19:54:35,343 - open page -INFO - click on submit
2023-08-05 19:54:35,520 - open page -INFO - close website
2023-08-05 19:56:24,116 - open page -INFO - open website
2023-08-05 21:06:22,808 - open page -INFO - open website
2023-08-05 21:06:28,017 - open page -INFO - close website
2023-08-05 21:06:30,334 - open page -INFO - open website
2023-08-05 21:06:34,392 - open page -INFO - close website
2023-08-05 21:09:31,080 - open page -INFO - open website
2023-08-05 21:09:55,942 - open page -INFO - close website
2023-08-05 21:15:12,089 - open page -INFO - open website
2023-08-05 21:15:40,418 - open page -INFO - close website
2023-08-06 14:29:33,604 - open page -INFO - open website
2023-08-06 14:29:39,356 - open page -INFO - select year
2023-08-06 14:29:41,043 - open page -INFO - take screenshot
2023-08-06 14:29:41,182 - open page -INFO - veriy text
2023-08-06 14:29:41,261 - open page -INFO - close website
2023-08-06 14:29:44,315 - open page -INFO - open website
2023-08-06 14:29:49,790 - open page -INFO - select year
2023-08-06 14:29:51,960 - open page -INFO - take screenshot
2023-08-06 14:29:52,096 - open page -INFO - veriy text
2023-08-06 14:29:52,387 - open page -INFO - close website
2023-08-06 14:39:12,168 - open page -INFO - open website
2023-08-06 14:39:16,523 - open page -INFO - select year
2023-08-06 14:39:18,032 - open page -INFO - take screenshot
2023-08-06 14:39:18,209 - open page -INFO - veriy text
2023-08-06 14:39:18,294 - open page -INFO - close website
2023-08-06 14:39:19,971 - open page -INFO - open website
2023-08-06 14:39:23,557 - open page -INFO - select year
2023-08-06 14:39:25,127 - open page -INFO - take screenshot
2023-08-06 14:39:25,285 - open page -INFO - veriy text
2023-08-06 14:39:25,513 - open page -INFO - close website
2023-08-06 14:40:36,374 - open page -INFO - open website
2023-08-06 14:40:40,984 - open page -INFO - select year
2023-08-06 14:40:42,697 - open page -INFO - take screenshot
2023-08-06 14:40:42,825 - open page -INFO - veriy text
2023-08-06 14:40:42,879 - open page -INFO - close website
2023-08-06 14:41:34,200 - open page -INFO - open website
2023-08-06 14:41:38,419 - open page -INFO - select year
2023-08-06 14:41:39,915 - open page -INFO - take screenshot
2023-08-06 14:41:40,473 - open page -INFO - veriy text
2023-08-06 14:41:40,562 - open page -INFO - close website
2023-08-06 14:43:39,853 - open page -INFO - open website
2023-08-06 14:43:44,967 - open page -INFO - select year
2023-08-06 14:43:46,502 - open page -INFO - take screenshot
2023-08-06 14:43:46,614 - open page -INFO - veriy text
2023-08-06 14:43:46,701 - open page -INFO - close website
2023-08-06 15:07:53,360 - open page -INFO - open website
2023-08-06 15:07:58,395 - open page -INFO - select year
2023-08-06 15:07:59,899 - open page -INFO - take screenshot
2023-08-06 15:08:00,016 - open page -INFO - veriy text
2023-08-06 15:08:04,599 - open page -INFO - close website
2023-08-06 15:08:50,095 - open page -INFO - open website
2023-08-06 15:08:54,328 - open page -INFO - select year
2023-08-06 15:08:55,783 - open page -INFO - take screenshot
2023-08-06 15:08:55,899 - open page -INFO - veriy text
2023-08-06 15:09:00,561 - open page -INFO - close website
2023-08-06 15:41:22,530 - open page -INFO - open website
2023-08-06 15:41:27,266 - open page -INFO - close website
2023-08-06 15:41:29,127 - open page -INFO - open website
2023-08-06 15:41:35,623 - open page -INFO - close website
2023-08-06 15:41:36,949 - open page -INFO - open website
2023-08-06 15:41:41,444 - open page -INFO - close website
2023-08-06 15:41:42,884 - open page -INFO - open website
2023-08-06 15:41:47,605 - open page -INFO - close website
2023-08-06 15:41:49,009 - open page -INFO - open website
2023-08-06 15:41:53,797 - open page -INFO - close website
2023-08-06 15:42:50,960 - open page -INFO - open website
2023-08-06 15:42:56,457 - open page -INFO - close website
2023-08-06 15:42:57,893 - open page -INFO - open website
2023-08-06 15:43:04,336 - open page -INFO - close website
2023-08-06 15:43:05,986 - open page -INFO - open website
2023-08-06 15:43:11,159 - open page -INFO - close website
2023-08-06 15:43:12,436 - open page -INFO - open website
2023-08-06 15:43:18,013 - open page -INFO - close website
2023-08-06 15:43:19,241 - open page -INFO - open website
2023-08-06 15:43:23,907 - open page -INFO - close website
2023-08-06 15:44:26,049 - open page -INFO - open website
2023-08-06 15:44:32,570 - open page -INFO - close website
